<?xml version="1.0" encoding="UTF-8"?>
<testng-results ignored="0" total="1" passed="1" failed="0" skipped="0">
  <reporter-output>
  </reporter-output>
  <suite started-at="2021-11-17T22:39:29Z" name="Surefire suite" finished-at="2021-11-17T22:39:48Z" duration-ms="18221">
    <groups>
    </groups>
    <test started-at="2021-11-17T22:39:29Z" name="Surefire test" finished-at="2021-11-17T22:39:48Z" duration-ms="18221">
      <class name="package1.comprehensive.AppTestTest">
        <test-method signature="searchTest()[pri:0, instance:package1.comprehensive.AppTestTest@24c1b2d2]" started-at="2021-11-17T14:39:30Z" name="searchTest" finished-at="2021-11-17T14:39:48Z" duration-ms="18194" status="PASS">
          <reporter-output>
          </reporter-output>
        </test-method> <!-- searchTest -->
      </class> <!-- package1.comprehensive.AppTestTest -->
    </test> <!-- Surefire test -->
  </suite> <!-- Surefire suite -->
</testng-results>
