<?xml version="1.0" encoding="UTF-8"?>
<testng-results ignored="0" total="11" passed="11" failed="0" skipped="0">
  <reporter-output>
  </reporter-output>
  <suite started-at="2021-11-22T10:30:24 GMT-08:00" name="Suite" finished-at="2021-11-22T10:34:07 GMT-08:00" duration-ms="223633">
    <groups>
    </groups>
    <test started-at="2021-11-22T10:30:24 GMT-08:00" name="Test" finished-at="2021-11-22T10:34:07 GMT-08:00" duration-ms="223633">
      <class name="package2.AppTestTest">
        <test-method signature="SignUp()[pri:0, instance:package2.AppTestTest@6f0ca692]" started-at="2021-11-22T10:30:24 GMT-08:00" name="SignUp" finished-at="2021-11-22T10:30:42 GMT-08:00" duration-ms="17713" status="PASS">
          <reporter-output>
          </reporter-output>
        </test-method> <!-- SignUp -->
        <test-method signature="addToWishlistTest()[pri:0, instance:package2.AppTestTest@6f0ca692]" started-at="2021-11-22T10:30:46 GMT-08:00" name="addToWishlistTest" finished-at="2021-11-22T10:31:10 GMT-08:00" duration-ms="23403" status="PASS">
          <reporter-output>
          </reporter-output>
        </test-method> <!-- addToWishlistTest -->
        <test-method signature="contactUspage()[pri:0, instance:package2.AppTestTest@6f0ca692]" started-at="2021-11-22T10:31:14 GMT-08:00" name="contactUspage" finished-at="2021-11-22T10:31:30 GMT-08:00" duration-ms="16208" status="PASS">
          <reporter-output>
          </reporter-output>
        </test-method> <!-- contactUspage -->
        <test-method signature="giftCardTest()[pri:0, instance:package2.AppTestTest@6f0ca692]" started-at="2021-11-22T10:31:35 GMT-08:00" name="giftCardTest" finished-at="2021-11-22T10:31:53 GMT-08:00" duration-ms="17510" status="PASS">
          <reporter-output>
          </reporter-output>
        </test-method> <!-- giftCardTest -->
        <test-method signature="giftEnquiry()[pri:0, instance:package2.AppTestTest@6f0ca692]" started-at="2021-11-22T10:31:57 GMT-08:00" name="giftEnquiry" finished-at="2021-11-22T10:32:13 GMT-08:00" duration-ms="15738" status="PASS">
          <reporter-output>
          </reporter-output>
        </test-method> <!-- giftEnquiry -->
        <test-method signature="loginTest(java.lang.String,java.lang.String)[pri:0, instance:package2.AppTestTest@6f0ca692]" started-at="2021-11-22T10:32:16 GMT-08:00" name="loginTest" data-provider="loginData" finished-at="2021-11-22T10:32:32 GMT-08:00" duration-ms="15694" status="PASS">
          <params>
            <param index="0">
              <value>
                <![CDATA[abhinav@gmail.com]]>
              </value>
            </param>
            <param index="1">
              <value>
                <![CDATA[abhinav]]>
              </value>
            </param>
          </params>
          <reporter-output>
          </reporter-output>
        </test-method> <!-- loginTest -->
        <test-method signature="loginTest(java.lang.String,java.lang.String)[pri:0, instance:package2.AppTestTest@6f0ca692]" started-at="2021-11-22T10:32:36 GMT-08:00" name="loginTest" data-provider="loginData" finished-at="2021-11-22T10:32:54 GMT-08:00" duration-ms="17616" status="PASS">
          <params>
            <param index="0">
              <value>
                <![CDATA[abhinav1@gmail.com]]>
              </value>
            </param>
            <param index="1">
              <value>
                <![CDATA[abhi]]>
              </value>
            </param>
          </params>
          <reporter-output>
          </reporter-output>
        </test-method> <!-- loginTest -->
        <test-method signature="newLetterSubscribe()[pri:0, instance:package2.AppTestTest@6f0ca692]" started-at="2021-11-22T10:32:55 GMT-08:00" name="newLetterSubscribe" finished-at="2021-11-22T10:33:05 GMT-08:00" duration-ms="10237" status="PASS">
          <reporter-output>
          </reporter-output>
        </test-method> <!-- newLetterSubscribe -->
        <test-method signature="pincodeCheckAndValidate()[pri:0, instance:package2.AppTestTest@6f0ca692]" started-at="2021-11-22T10:33:06 GMT-08:00" name="pincodeCheckAndValidate" finished-at="2021-11-22T10:33:27 GMT-08:00" duration-ms="21307" status="PASS">
          <reporter-output>
          </reporter-output>
        </test-method> <!-- pincodeCheckAndValidate -->
        <test-method signature="searchTest()[pri:0, instance:package2.AppTestTest@6f0ca692]" started-at="2021-11-22T10:33:32 GMT-08:00" name="searchTest" finished-at="2021-11-22T10:33:49 GMT-08:00" duration-ms="16748" status="PASS">
          <reporter-output>
          </reporter-output>
        </test-method> <!-- searchTest -->
        <test-method signature="validateTitle()[pri:0, instance:package2.AppTestTest@6f0ca692]" started-at="2021-11-22T10:33:54 GMT-08:00" name="validateTitle" finished-at="2021-11-22T10:34:02 GMT-08:00" duration-ms="8807" status="PASS">
          <reporter-output>
          </reporter-output>
        </test-method> <!-- validateTitle -->
      </class> <!-- package2.AppTestTest -->
    </test> <!-- Test -->
  </suite> <!-- Suite -->
</testng-results>
