<?xml version="1.0" encoding="UTF-8"?>
<!-- Generated by org.testng.reporters.JUnitXMLReporter -->
<testsuite hostname="MT-5CD12777KZ" ignored="0" name="Test" tests="10" failures="2" timestamp="2021-11-18T23:40:11 IST" time="528.844" errors="0">
  <testcase name="runScenario" time="44.732" classname="io.cucumber.testng.AbstractTestNGCucumberTests"/>
  <testcase name="runScenario" time="110.006" classname="io.cucumber.testng.AbstractTestNGCucumberTests"/>
  <testcase name="runScenario" time="119.286" classname="io.cucumber.testng.AbstractTestNGCucumberTests">
    <failure type="java.lang.NullPointerException">
      <![CDATA[java.lang.NullPointerException
at com.mindtree.stepDefinitions.ContactstepDefinition.a_thankyou_message_should_be_displayed(ContactstepDefinition.java:66)
at ✽.A Thankyou Message should be displayed(file:///C:/Users/M1073161/Documents/BDDframeWork/./features/Contact.feature:10)
]]>
    </failure>
  </testcase> <!-- runScenario -->
  <testcase name="runScenario" time="16.714" classname="io.cucumber.testng.AbstractTestNGCucumberTests"/>
  <testcase name="runScenario" time="37.586" classname="io.cucumber.testng.AbstractTestNGCucumberTests"/>
  <testcase name="runScenario" time="26.002" classname="io.cucumber.testng.AbstractTestNGCucumberTests"/>
  <testcase name="runScenario" time="35.598" classname="io.cucumber.testng.AbstractTestNGCucumberTests"/>
  <testcase name="runScenario" time="33.834" classname="io.cucumber.testng.AbstractTestNGCucumberTests"/>
  <testcase name="runScenario" time="34.571" classname="io.cucumber.testng.AbstractTestNGCucumberTests"/>
  <testcase name="runScenario" time="48.127" classname="io.cucumber.testng.AbstractTestNGCucumberTests">
    <failure type="java.lang.AssertionError" message="expected [Twitter] but found [bigsmall.in (@Bigsmallstore) / Twitter]">
      <![CDATA[java.lang.AssertionError: expected [Twitter] but found [bigsmall.in (@Bigsmallstore) / Twitter]
at com.mindtree.stepDefinitions.SocialBarstepDefinition.twitter_page_should_displayed(SocialBarstepDefinition.java:83)
at ✽.Twitter page should displayed(file:///C:/Users/M1073161/Documents/BDDframeWork/./features/socialBar.feature:12)
... Removed 6 stack frames]]>
    </failure>
  </testcase> <!-- runScenario -->
</testsuite> <!-- Test -->
