<?xml version="1.0" encoding="UTF-8"?>
<!-- Generated by org.testng.reporters.JUnitXMLReporter -->
<testsuite ignored="0" hostname="DESKTOP-8E2ASUK" failures="0" tests="11" name="Test" time="223.633" errors="0" timestamp="2021-11-22T10:34:07 GMT-08:00">
  <testcase classname="package2.AppTestTest" name="SignUp" time="17.713"/>
  <testcase classname="package2.AppTestTest" name="addToWishlistTest" time="23.403"/>
  <testcase classname="package2.AppTestTest" name="contactUspage" time="16.208"/>
  <testcase classname="package2.AppTestTest" name="giftCardTest" time="17.51"/>
  <testcase classname="package2.AppTestTest" name="giftEnquiry" time="15.738"/>
  <testcase classname="package2.AppTestTest" name="loginTest" time="15.694"/>
  <testcase classname="package2.AppTestTest" name="loginTest" time="17.616"/>
  <testcase classname="package2.AppTestTest" name="newLetterSubscribe" time="10.237"/>
  <testcase classname="package2.AppTestTest" name="pincodeCheckAndValidate" time="21.307"/>
  <testcase classname="package2.AppTestTest" name="searchTest" time="16.748"/>
  <testcase classname="package2.AppTestTest" name="validateTitle" time="8.807"/>
</testsuite> <!-- Test -->
