<?xml version="1.0" encoding="UTF-8"?>
<testsuite xmlns:xsi="http://www.w3.org/2001/XMLSchema-instance" xsi:noNamespaceSchemaLocation="https://maven.apache.org/surefire/maven-surefire-plugin/xsd/surefire-test-report.xsd" name="TestSuite" time="40.167" tests="2" errors="0" skipped="0" failures="0">
  <properties>
[...]
</properties>
  <testcase name="searchTest" classname="package1.comprehensive.AppTestTest" time="18.198"/>
  <testcase name="addToWishlist on addToWishlist(package1.comprehensive.AppTest)" classname="package1.comprehensive.AppTest" time="20.244"/>
</testsuite>