<?xml version="1.0" encoding="UTF-8"?>
<testsuite xmlns:xsi="http://www.w3.org/2001/XMLSchema-instance" xsi:noNamespaceSchemaLocation="https://maven.apache.org/surefire/maven-surefire-plugin/xsd/surefire-test-report-3.0.xsd" version="3.0" name="TestSuite" time="531.277" tests="10" errors="0" skipped="0" failures="2">
  <properties>
[...]
</properties>
  <testcase name="runScenario[&quot;AddToCart and CheckOut&quot;, &quot;Optional[AddToCart]&quot;](1)" classname="com.mindtree.runner.TestRunner" time="44.762">
    <system-err><![CDATA[Starting ChromeDriver 96.0.4664.45 (76e4c1bb2ab4671b8beba3444e61c0f17584b2fc-refs/branch-heads/4664@{#947}) on port 34683
Only local connections are allowed.
Please see https://chromedriver.chromium.org/security-considerations for suggestions on keeping ChromeDriver safe.
ChromeDriver was started successfully.
Nov 18, 2021 11:31:27 PM org.openqa.selenium.remote.ProtocolHandshake createSession
INFO: Detected dialect: W3C
]]></system-err>
  </testcase>
  <testcase name="runScenario[&quot;Clicking AllofIt and validating Next Page&quot;, &quot;Optional[AllofIt]&quot;](2)" classname="com.mindtree.runner.TestRunner" time="110.027">
    <system-err><![CDATA[Starting ChromeDriver 96.0.4664.45 (76e4c1bb2ab4671b8beba3444e61c0f17584b2fc-refs/branch-heads/4664@{#947}) on port 13100
Only local connections are allowed.
Please see https://chromedriver.chromium.org/security-considerations for suggestions on keeping ChromeDriver safe.
ChromeDriver was started successfully.
Nov 18, 2021 11:32:10 PM org.openqa.selenium.remote.ProtocolHandshake createSession
INFO: Detected dialect: W3C
]]></system-err>
  </testcase>
  <testcase name="runScenario[&quot;Fill the details and Submit the contact form&quot;, &quot;Optional[Contact Us]&quot;](3)" classname="com.mindtree.runner.TestRunner" time="119.317">
    <failure type="java.lang.NullPointerException"><![CDATA[java.lang.NullPointerException
]]></failure>
    <system-err><![CDATA[Starting ChromeDriver 96.0.4664.45 (76e4c1bb2ab4671b8beba3444e61c0f17584b2fc-refs/branch-heads/4664@{#947}) on port 1450
Only local connections are allowed.
Please see https://chromedriver.chromium.org/security-considerations for suggestions on keeping ChromeDriver safe.
ChromeDriver was started successfully.
Nov 18, 2021 11:34:05 PM org.openqa.selenium.remote.ProtocolHandshake createSession
INFO: Detected dialect: W3C
]]></system-err>
  </testcase>
  <testcase name="runScenario[&quot;Clicking on the GiftCard and checking its delivery status using postal code&quot;, &quot;Optional[GiftCard]&quot;](4)" classname="com.mindtree.runner.TestRunner" time="16.725">
    <system-err><![CDATA[Starting ChromeDriver 96.0.4664.45 (76e4c1bb2ab4671b8beba3444e61c0f17584b2fc-refs/branch-heads/4664@{#947}) on port 27502
Only local connections are allowed.
Please see https://chromedriver.chromium.org/security-considerations for suggestions on keeping ChromeDriver safe.
ChromeDriver was started successfully.
Nov 18, 2021 11:36:05 PM org.openqa.selenium.remote.ProtocolHandshake createSession
INFO: Detected dialect: W3C
]]></system-err>
  </testcase>
  <testcase name="runScenario[&quot;HomePage Validation&quot;, &quot;Optional[BigSmall Site AutoMate]&quot;](5)" classname="com.mindtree.runner.TestRunner" time="37.62">
    <system-err><![CDATA[Starting ChromeDriver 96.0.4664.45 (76e4c1bb2ab4671b8beba3444e61c0f17584b2fc-refs/branch-heads/4664@{#947}) on port 19352
Only local connections are allowed.
Please see https://chromedriver.chromium.org/security-considerations for suggestions on keeping ChromeDriver safe.
ChromeDriver was started successfully.
Nov 18, 2021 11:36:25 PM org.openqa.selenium.remote.ProtocolHandshake createSession
INFO: Detected dialect: W3C
]]></system-err>
  </testcase>
  <testcase name="runScenario[&quot;Hovering over Shop By Category&quot;, &quot;Optional[Hover Test]&quot;](6)" classname="com.mindtree.runner.TestRunner" time="26.042">
    <system-err><![CDATA[Starting ChromeDriver 96.0.4664.45 (76e4c1bb2ab4671b8beba3444e61c0f17584b2fc-refs/branch-heads/4664@{#947}) on port 40525
Only local connections are allowed.
Please see https://chromedriver.chromium.org/security-considerations for suggestions on keeping ChromeDriver safe.
ChromeDriver was started successfully.
Nov 18, 2021 11:37:07 PM org.openqa.selenium.remote.ProtocolHandshake createSession
INFO: Detected dialect: W3C
]]></system-err>
  </testcase>
  <testcase name="runScenario[&quot;Validating Login&quot;, &quot;Optional[Login Test]&quot;](7)" classname="com.mindtree.runner.TestRunner" time="35.612">
    <system-err><![CDATA[Starting ChromeDriver 96.0.4664.45 (76e4c1bb2ab4671b8beba3444e61c0f17584b2fc-refs/branch-heads/4664@{#947}) on port 19856
Only local connections are allowed.
Please see https://chromedriver.chromium.org/security-considerations for suggestions on keeping ChromeDriver safe.
ChromeDriver was started successfully.
Nov 18, 2021 11:37:34 PM org.openqa.selenium.remote.ProtocolHandshake createSession
INFO: Detected dialect: W3C
]]></system-err>
  </testcase>
  <testcase name="runScenario[&quot;Entering data into search box and validating the results&quot;, &quot;Optional[SearchBar Validation]&quot;](8)" classname="com.mindtree.runner.TestRunner" time="33.858">
    <system-out><![CDATA[2021-11-18-23:38:25.021 [main] INFO  com.mindtree.reusablecomponent.Base - Entering text into the search bar
2021-11-18-23:38:43.207 [main] INFO  com.mindtree.reusablecomponent.Base - Product dsiplayed
]]></system-out>
    <system-err><![CDATA[Starting ChromeDriver 96.0.4664.45 (76e4c1bb2ab4671b8beba3444e61c0f17584b2fc-refs/branch-heads/4664@{#947}) on port 16961
Only local connections are allowed.
Please see https://chromedriver.chromium.org/security-considerations for suggestions on keeping ChromeDriver safe.
ChromeDriver was started successfully.
Nov 18, 2021 11:38:11 PM org.openqa.selenium.remote.ProtocolHandshake createSession
INFO: Detected dialect: W3C
]]></system-err>
  </testcase>
  <testcase name="runScenario[&quot;Validating WishList&quot;, &quot;Optional[WishList]&quot;](9)" classname="com.mindtree.runner.TestRunner" time="34.587">
    <system-out><![CDATA[2021-11-18-23:38:55.041 [main] INFO  com.mindtree.stepDefinitions.WishListstepDefinition - sending keys to search Box
2021-11-18-23:38:59.548 [main] INFO  com.mindtree.stepDefinitions.WishListstepDefinition - Selecting first product from  searchList
2021-11-18-23:39:06.034 [main] INFO  com.mindtree.stepDefinitions.WishListstepDefinition - adding on WishList
2021-11-18-23:39:07.887 [main] INFO  com.mindtree.stepDefinitions.WishListstepDefinition - Opening WishList Section
2021-11-18-23:39:17.448 [main] INFO  com.mindtree.stepDefinitions.WishListstepDefinition - Accepting welcome Message
2021-11-18-23:39:17.808 [main] INFO  com.mindtree.stepDefinitions.WishListstepDefinition - Checking product is added to wishlist or not
2021-11-18-23:39:18.523 [main] INFO  com.mindtree.stepDefinitions.WishListstepDefinition - Item successfully addtd to wishList
]]></system-out>
    <system-err><![CDATA[Starting ChromeDriver 96.0.4664.45 (76e4c1bb2ab4671b8beba3444e61c0f17584b2fc-refs/branch-heads/4664@{#947}) on port 7316
Only local connections are allowed.
Please see https://chromedriver.chromium.org/security-considerations for suggestions on keeping ChromeDriver safe.
ChromeDriver was started successfully.
Nov 18, 2021 11:38:45 PM org.openqa.selenium.remote.ProtocolHandshake createSession
INFO: Detected dialect: W3C
]]></system-err>
  </testcase>
  <testcase name="runScenario[&quot;Social Bar&quot;, &quot;Optional[SocialBar]&quot;](10)" classname="com.mindtree.runner.TestRunner" time="48.16">
    <failure message="expected [Twitter] but found [bigsmall.in (@Bigsmallstore) / Twitter]" type="java.lang.AssertionError"><![CDATA[java.lang.AssertionError: expected [Twitter] but found [bigsmall.in (@Bigsmallstore) / Twitter]
]]></failure>
    <system-err><![CDATA[Starting ChromeDriver 96.0.4664.45 (76e4c1bb2ab4671b8beba3444e61c0f17584b2fc-refs/branch-heads/4664@{#947}) on port 31890
Only local connections are allowed.
Please see https://chromedriver.chromium.org/security-considerations for suggestions on keeping ChromeDriver safe.
ChromeDriver was started successfully.
Nov 18, 2021 11:39:24 PM org.openqa.selenium.remote.ProtocolHandshake createSession
INFO: Detected dialect: W3C
]]></system-err>
  </testcase>
</testsuite>